

Processing PlayersController#new (for 127.0.0.1 at 2010-01-03 23:38:47) [GET]

ActiveRecord::StatementInvalid (Could not find table 'players'):
  app/controllers/players_controller.rb:8:in `new'
  app/controllers/players_controller.rb:8:in `new'

Rendered rescues/_trace (35.0ms)
Rendered rescues/_request_and_response (1.6ms)
Rendering rescues/layout (internal_server_error)
  [4;36;1mSQL (0.2ms)[0m   [0;1m SELECT name
 FROM sqlite_master
 WHERE type = 'table' AND NOT name = 'sqlite_sequence'
[0m
  [4;35;1mSQL (0.2ms)[0m   [0mselect sqlite_version(*)[0m
  [4;36;1mSQL (3.3ms)[0m   [0;1mCREATE TABLE "schema_migrations" ("version" varchar(255) NOT NULL) [0m
  [4;35;1mSQL (2.2ms)[0m   [0mCREATE UNIQUE INDEX "unique_schema_migrations" ON "schema_migrations" ("version")[0m
  [4;36;1mSQL (0.5ms)[0m   [0;1m SELECT name
 FROM sqlite_master
 WHERE type = 'table' AND NOT name = 'sqlite_sequence'
[0m
  [4;35;1mSQL (0.2ms)[0m   [0mSELECT version FROM schema_migrations[0m
Migrating to CreatePlayers (20100103143546)
  [4;36;1mSQL (0.2ms)[0m   [0;1m SELECT name
 FROM sqlite_master
 WHERE type = 'table' AND NOT name = 'sqlite_sequence'
[0m
  [4;35;1mSQL (0.5ms)[0m   [0mCREATE TABLE "players" ("id" INTEGER PRIMARY KEY AUTOINCREMENT NOT NULL, "login" varchar(40), "name" varchar(100) DEFAULT '', "email" varchar(100), "crypted_password" varchar(40), "salt" varchar(40), "created_at" datetime, "updated_at" datetime, "remember_token" varchar(40), "remember_token_expires_at" datetime) [0m
  [4;36;1mSQL (0.5ms)[0m   [0;1mCREATE UNIQUE INDEX "index_players_on_login" ON "players" ("login")[0m
  [4;35;1mSQL (0.1ms)[0m   [0mINSERT INTO schema_migrations (version) VALUES ('20100103143546')[0m
  [4;36;1mSQL (0.3ms)[0m   [0;1m SELECT name
 FROM sqlite_master
 WHERE type = 'table' AND NOT name = 'sqlite_sequence'
[0m
  [4;35;1mSQL (0.2ms)[0m   [0mSELECT version FROM schema_migrations[0m
  [4;36;1mSQL (0.2ms)[0m   [0;1m SELECT name
 FROM sqlite_master
 WHERE type = 'table' AND NOT name = 'sqlite_sequence'
[0m
  [4;35;1mSQL (0.2ms)[0m   [0mPRAGMA index_list("players")[0m
  [4;36;1mSQL (0.2ms)[0m   [0;1mPRAGMA index_info('index_players_on_login')[0m


Processing PlayersController#new (for 127.0.0.1 at 2010-01-03 23:39:24) [GET]
Rendering players/new
Completed in 54ms (View: 46, DB: 0) | 200 OK [http://localhost/signup]


Processing PlayersController#create (for 127.0.0.1 at 2010-01-03 23:39:45) [POST]
  Parameters: {"player"=>{"password_confirmation"=>"monkey", "password"=>"monkey", "login"=>"kota", "email"=>"fujiwara.kota@gmail.com"}, "commit"=>"Sign up", "authenticity_token"=>"Qb8/Ht6gJ+PDvZEjQ6UE+VSVRltyQ7lsDZc7YW+xg34="}
  [4;36;1mPlayer Load (0.2ms)[0m   [0;1mSELECT "players".id FROM "players" WHERE ("players"."login" = 'kota') LIMIT 1[0m
  [4;35;1mPlayer Load (0.1ms)[0m   [0mSELECT "players".id FROM "players" WHERE ("players"."email" = 'fujiwara.kota@gmail.com') LIMIT 1[0m
  [4;36;1mPlayer Create (0.4ms)[0m   [0;1mINSERT INTO "players" ("name", "salt", "updated_at", "crypted_password", "remember_token_expires_at", "remember_token", "login", "email", "created_at") VALUES('', '4287913b4372589db7b656d0550aa5fc732b6a39', '2010-01-03 14:39:45', '0ef15f68d5860e391609f3600153313287647e7f', NULL, NULL, 'kota', 'fujiwara.kota@gmail.com', '2010-01-03 14:39:45')[0m
Redirected to http://localhost:3003/
Completed in 16ms (DB: 1) | 302 Found [http://localhost/players]


Processing SessionsController#new (for 127.0.0.1 at 2010-01-03 23:40:49) [GET]
Rendering sessions/new
Completed in 15ms (View: 14, DB: 0) | 200 OK [http://localhost/login]
